<?xml version="1.0" encoding="UTF-8"?>
<!-- Generated by org.testng.reporters.JUnitReportReporter -->
<testsuite skipped="6" hostname="pavani" name="ReportsInGroovySelenium.GroovyExtentReport" tests="7" failures="0" timestamp="2020-07-09T14:49:29 IST" time="-1594286464.000" errors="1">
  <testcase name="testCase2" time="0.000" classname="ReportsInGroovySelenium.GroovyExtentReport">
    <skipped/>
  </testcase> <!-- testCase2 -->
  <system-out/>
  <testcase name="testCase1" time="0.000" classname="ReportsInGroovySelenium.GroovyExtentReport">
    <skipped/>
  </testcase> <!-- testCase1 -->
  <system-out/>
  <testcase name="testCase4" time="0.000" classname="ReportsInGroovySelenium.GroovyExtentReport">
    <skipped/>
  </testcase> <!-- testCase4 -->
  <system-out/>
  <testcase name="testCase5" time="0.000" classname="ReportsInGroovySelenium.GroovyExtentReport">
    <skipped/>
  </testcase> <!-- testCase5 -->
  <system-out/>
  <testcase name="testCase3" time="0.000" classname="ReportsInGroovySelenium.GroovyExtentReport">
    <skipped/>
  </testcase> <!-- testCase3 -->
  <system-out/>
  <testcase name="startReport" time="-1594286464.000" classname="ReportsInGroovySelenium.GroovyExtentReport">
    <error type="org.testng.TestNGException" message="
Can inject only one of &lt;ITestContext, XmlTest&gt; into a @BeforeTest annotated startReport.
For more information on native dependency injection please refer to https://testng.org/doc/documentation-main.html#native-dependency-injection">
      <![CDATA[org.testng.TestNGException: 
Can inject only one of <ITestContext, XmlTest> into a @BeforeTest annotated startReport.
For more information on native dependency injection please refer to https://testng.org/doc/documentation-main.html#native-dependency-injection
at org.testng.internal.Parameters.checkParameterTypes(Parameters.java:437)
at org.testng.internal.Parameters.createParametersForMethod(Parameters.java:351)
at org.testng.internal.Parameters.createParameters(Parameters.java:708)
at org.testng.internal.Parameters.createConfigurationParameters(Parameters.java:166)
at org.testng.internal.ConfigInvoker.invokeConfigurations(ConfigInvoker.java:299)
at org.testng.TestRunner.invokeTestConfigurations(TestRunner.java:620)
at org.testng.TestRunner.beforeRun(TestRunner.java:610)
at org.testng.TestRunner.run(TestRunner.java:581)
at org.testng.SuiteRunner.runTest(SuiteRunner.java:384)
at org.testng.SuiteRunner.runSequentially(SuiteRunner.java:378)
at org.testng.SuiteRunner.privateRun(SuiteRunner.java:337)
at org.testng.SuiteRunner.run(SuiteRunner.java:286)
at org.testng.SuiteRunnerWorker.runSuite(SuiteRunnerWorker.java:53)
at org.testng.SuiteRunnerWorker.run(SuiteRunnerWorker.java:96)
at org.testng.TestNG.runSuitesSequentially(TestNG.java:1214)
at org.testng.TestNG.runSuitesLocally(TestNG.java:1136)
at org.testng.TestNG.runSuites(TestNG.java:1066)
at org.testng.TestNG.run(TestNG.java:1034)
at org.testng.remote.AbstractRemoteTestNG.run(AbstractRemoteTestNG.java:115)
at org.testng.remote.RemoteTestNG.initAndRun(RemoteTestNG.java:251)
at org.testng.remote.RemoteTestNG.main(RemoteTestNG.java:77)
]]>
    </error>
  </testcase> <!-- startReport -->
  <system-out/>
  <testcase name="testCase6" classname="ReportsInGroovySelenium.GroovyExtentReport">
    <skipped/>
  </testcase> <!-- testCase6 -->
  <system-out/>
</testsuite> <!-- ReportsInGroovySelenium.GroovyExtentReport -->
