<?xml version="1.0" encoding="UTF-8"?>
<!-- Generated by org.testng.reporters.JUnitReportReporter -->
<testsuite skipped="0" hostname="pavani" name="ReportsInGroovySelenium.ExtentReport2" tests="1" failures="0" timestamp="2020-07-09T15:01:12 IST" time="0.043" errors="1">
  <testcase name="loginTest" time="0.043" classname="ReportsInGroovySelenium.ExtentReport2">
    <error type="java.lang.NoClassDefFoundError" message="freemarker/template/TemplateModelException">
      <![CDATA[java.lang.NoClassDefFoundError: freemarker/template/TemplateModelException
at java.lang.Class.getDeclaredConstructors0(Native Method)
at java.lang.Class.privateGetDeclaredConstructors(Class.java:2671)
at java.lang.Class.getDeclaredConstructors(Class.java:2020)
at org.codehaus.groovy.reflection.CachedClass$2$1.run(CachedClass.java:85)
at java.security.AccessController.doPrivileged(Native Method)
at org.codehaus.groovy.reflection.CachedClass$2.initValue(CachedClass.java:83)
at org.codehaus.groovy.reflection.CachedClass$2.initValue(CachedClass.java:78)
at org.codehaus.groovy.util.LazyReference.getLocked(LazyReference.java:50)
at org.codehaus.groovy.util.LazyReference.get(LazyReference.java:37)
at org.codehaus.groovy.reflection.CachedClass.getConstructors(CachedClass.java:307)
at groovy.lang.MetaClassImpl.<init>(MetaClassImpl.java:218)
at groovy.lang.MetaClassImpl.<init>(MetaClassImpl.java:228)
at groovy.lang.MetaClassRegistry$MetaClassCreationHandle.createNormalMetaClass(MetaClassRegistry.java:166)
at groovy.lang.MetaClassRegistry$MetaClassCreationHandle.createWithCustomLookup(MetaClassRegistry.java:156)
at groovy.lang.MetaClassRegistry$MetaClassCreationHandle.create(MetaClassRegistry.java:139)
at org.codehaus.groovy.reflection.ClassInfo.getMetaClassUnderLock(ClassInfo.java:286)
at org.codehaus.groovy.reflection.ClassInfo.getMetaClass(ClassInfo.java:329)
at org.codehaus.groovy.runtime.metaclass.MetaClassRegistryImpl.getMetaClass(MetaClassRegistryImpl.java:272)
at org.codehaus.groovy.vmplugin.v7.Selector$InitSelector.getMetaClass(Selector.java:400)
at org.codehaus.groovy.vmplugin.v7.Selector$MethodSelector.setCallSiteTarget(Selector.java:986)
at org.codehaus.groovy.vmplugin.v7.IndyInterface.selectMethod(IndyInterface.java:230)
at ReportsInGroovySelenium.ExtentReport2.loginTest(ExtentReport2.groovy:29)
at sun.reflect.NativeMethodAccessorImpl.invoke0(Native Method)
at sun.reflect.NativeMethodAccessorImpl.invoke(NativeMethodAccessorImpl.java:62)
at sun.reflect.DelegatingMethodAccessorImpl.invoke(DelegatingMethodAccessorImpl.java:43)
at java.lang.reflect.Method.invoke(Method.java:498)
at org.testng.internal.MethodInvocationHelper.invokeMethod(MethodInvocationHelper.java:135)
at org.testng.internal.TestInvoker.invokeMethod(TestInvoker.java:598)
at org.testng.internal.TestInvoker.invokeTestMethod(TestInvoker.java:174)
at org.testng.internal.MethodRunner.runInSequence(MethodRunner.java:46)
at org.testng.internal.TestInvoker$MethodInvocationAgent.invoke(TestInvoker.java:821)
at org.testng.internal.TestInvoker.invokeTestMethods(TestInvoker.java:147)
at org.testng.internal.TestMethodWorker.invokeTestMethods(TestMethodWorker.java:146)
at org.testng.internal.TestMethodWorker.run(TestMethodWorker.java:128)
at java.util.ArrayList.forEach(ArrayList.java:1257)
at org.testng.TestRunner.privateRun(TestRunner.java:767)
at org.testng.TestRunner.run(TestRunner.java:588)
at org.testng.SuiteRunner.runTest(SuiteRunner.java:384)
at org.testng.SuiteRunner.runSequentially(SuiteRunner.java:378)
at org.testng.SuiteRunner.privateRun(SuiteRunner.java:337)
at org.testng.SuiteRunner.run(SuiteRunner.java:286)
at org.testng.SuiteRunnerWorker.runSuite(SuiteRunnerWorker.java:53)
at org.testng.SuiteRunnerWorker.run(SuiteRunnerWorker.java:96)
at org.testng.TestNG.runSuitesSequentially(TestNG.java:1214)
at org.testng.TestNG.runSuitesLocally(TestNG.java:1136)
at org.testng.TestNG.runSuites(TestNG.java:1066)
at org.testng.TestNG.run(TestNG.java:1034)
at org.testng.remote.AbstractRemoteTestNG.run(AbstractRemoteTestNG.java:115)
at org.testng.remote.RemoteTestNG.initAndRun(RemoteTestNG.java:251)
at org.testng.remote.RemoteTestNG.main(RemoteTestNG.java:77)
Caused by: java.lang.ClassNotFoundException: freemarker.template.TemplateModelException
at java.net.URLClassLoader.findClass(URLClassLoader.java:382)
at java.lang.ClassLoader.loadClass(ClassLoader.java:424)
at sun.misc.Launcher$AppClassLoader.loadClass(Launcher.java:349)
at java.lang.ClassLoader.loadClass(ClassLoader.java:357)
... 50 more
]]>
    </error>
  </testcase> <!-- loginTest -->
  <system-out/>
</testsuite> <!-- ReportsInGroovySelenium.ExtentReport2 -->
